<?xml version="1.0" encoding="UTF-8"?>
<!-- Generated by org.testng.reporters.JUnitReportReporter -->
<testsuite skipped="0" hostname="dell-n7110" name="vbtest.Mavenjava.vbmavenTest" tests="1" failures="0" timestamp="02 Feb 2021 16:21:59 GMT" time="20.493" errors="0">
  <testcase name="InitialDemo" time="20.493" classname="vbtest.Mavenjava.vbmavenTest"/>
</testsuite> <!-- vbtest.Mavenjava.vbmavenTest -->
