<?xml version="1.0" encoding="UTF-8"?>
<!-- Generated by org.testng.reporters.JUnitReportReporter -->
<testsuite skipped="0" hostname="dell-n7110" name="vbtest.Mavenjava.vbmavenTest" tests="1" failures="0" timestamp="02 Feb 2021 15:17:41 GMT" time="21.184" errors="0">
  <testcase name="mavenTestloginvb" time="21.184" classname="vbtest.Mavenjava.vbmavenTest"/>
</testsuite> <!-- vbtest.Mavenjava.vbmavenTest -->
