<?xml version="1.0" encoding="UTF-8"?>
<!-- Generated by org.testng.reporters.JUnitReportReporter -->
<testsuite skipped="0" hostname="dell-n7110" name="vbtest.Mavenjava.mavenTest" tests="1" failures="0" timestamp="02 Feb 2021 15:17:41 GMT" time="0.003" errors="0">
  <testcase name="mavenTestlogin" time="0.003" classname="vbtest.Mavenjava.mavenTest"/>
</testsuite> <!-- vbtest.Mavenjava.mavenTest -->
